<?xml version="1.0" encoding="UTF-8"?>
<!-- Generated by org.testng.reporters.JUnitReportReporter -->
<testsuite hostname="DESKTOP-IC2FL8D" failures="0" tests="1" name="testFrameworkss.secondfrmss" time="14.478" errors="0" timestamp="2024-09-17T11:09:05 IST" skipped="0">
  <testcase classname="testFrameworkss.secondfrmss" name="Demo1" time="14.478"/>
  <system-out/>
</testsuite> <!-- testFrameworkss.secondfrmss -->
