<?xml version="1.0" encoding="UTF-8"?>
<!-- Generated by org.testng.reporters.JUnitReportReporter -->
<testsuite hostname="DESKTOP-IC2FL8D" failures="0" tests="1" name="testFrameworkss.assertionpg2" time="5.213" errors="0" timestamp="2024-09-25T12:29:01 IST" skipped="0">
  <testcase classname="testFrameworkss.assertionpg2" name="runScript" time="5.213"/>
  <system-out/>
</testsuite> <!-- testFrameworkss.assertionpg2 -->
