<?xml version="1.0" encoding="UTF-8"?>
<!-- Generated by org.testng.reporters.JUnitReportReporter -->
<testsuite hostname="DESKTOP-IC2FL8D" failures="0" tests="2" name="testFrameworkss.testscript1" time="0.007" errors="0" timestamp="2024-09-20T14:25:19 IST" skipped="0">
  <testcase classname="testFrameworkss.testscript1" name="Demo1" time="0.004"/>
  <system-out>
    <![CDATA[Hello World]]>
  </system-out>
  <testcase classname="testFrameworkss.testscript1" name="Demo2" time="0.003"/>
  <system-out>
    <![CDATA[Hello Wakeup NAVEEN]]>
  </system-out>
</testsuite> <!-- testFrameworkss.testscript1 -->
