<?xml version="1.0" encoding="UTF-8"?>
<!-- Generated by org.testng.reporters.JUnitReportReporter -->
<testsuite hostname="DESKTOP-IC2FL8D" failures="0" tests="2" name="testFrameworkss.firstfrms" time="0.013" errors="0" timestamp="2024-09-13T12:45:59 IST" skipped="0">
  <testcase classname="testFrameworkss.firstfrms" name="Demo1" time="0.012"/>
  <system-out>
    <![CDATA[Hello World]]>
  </system-out>
  <testcase classname="testFrameworkss.firstfrms" name="Demo2" time="0.001"/>
  <system-out>
    <![CDATA[Hello Wakeup NAVEEN]]>
  </system-out>
</testsuite> <!-- testFrameworkss.firstfrms -->
