<?xml version="1.0" encoding="UTF-8"?>
<!-- Generated by org.testng.reporters.JUnitReportReporter -->
<testsuite hostname="DESKTOP-IC2FL8D" failures="0" tests="2" name="dataProvider.data_provider" time="8.006" errors="0" timestamp="2024-10-05T13:50:15 IST" skipped="0">
  <testcase classname="dataProvider.data_provider" name="test1" time="5.283"/>
  <system-out/>
  <testcase classname="dataProvider.data_provider" name="test1" time="2.723"/>
  <system-out/>
</testsuite> <!-- dataProvider.data_provider -->
