<?xml version="1.0" encoding="UTF-8"?>
<!-- Generated by org.testng.reporters.JUnitReportReporter -->
<testsuite hostname="DESKTOP-IC2FL8D" failures="0" tests="3" name="dataProvider.data_provider1" time="9.382" errors="0" timestamp="2024-10-05T14:55:09 IST" skipped="0">
  <testcase classname="dataProvider.data_provider1" name="test1" time="3.096"/>
  <system-out/>
  <testcase classname="dataProvider.data_provider1" name="test1" time="3.326"/>
  <system-out/>
  <testcase classname="dataProvider.data_provider1" name="test1" time="2.960"/>
  <system-out/>
</testsuite> <!-- dataProvider.data_provider1 -->
