<?xml version="1.0" encoding="UTF-8"?>
<!-- Generated by org.testng.reporters.JUnitReportReporter -->
<testsuite hostname="DESKTOP-IC2FL8D" failures="0" tests="2" name="testFrameworkss.testscript4" time="11.389" errors="0" timestamp="2024-09-24T11:24:21 IST" skipped="0">
  <testcase classname="testFrameworkss.testscript4" name="runScript3" time="5.614"/>
  <system-out/>
  <testcase classname="testFrameworkss.testscript4" name="runScript2" time="5.775"/>
  <system-out/>
</testsuite> <!-- testFrameworkss.testscript4 -->
