<?xml version="1.0" encoding="UTF-8"?>
<!-- Generated by org.testng.reporters.JUnitReportReporter -->
<testsuite hostname="DESKTOP-IC2FL8D" failures="0" tests="1" name="testFrameworkss.mousactionajio" time="13.555" errors="0" timestamp="2024-09-24T14:38:23 IST" skipped="0">
  <testcase classname="testFrameworkss.mousactionajio" name="runScript" time="13.555"/>
  <system-out/>
</testsuite> <!-- testFrameworkss.mousactionajio -->
