<?xml version="1.0" encoding="UTF-8"?>
<!-- Generated by org.testng.reporters.JUnitReportReporter -->
<testsuite hostname="DESKTOP-IC2FL8D" failures="0" tests="1" name="pom_script.runnerScript" time="3.552" errors="0" timestamp="2024-09-30T10:58:27 IST" skipped="0">
  <testcase classname="pom_script.runnerScript" name="loginCheck" time="3.552"/>
  <system-out/>
</testsuite> <!-- pom_script.runnerScript -->
