<?xml version="1.0" encoding="UTF-8"?>
<!-- Generated by org.testng.reporters.JUnitReportReporter -->
<testsuite hostname="DESKTOP-IC2FL8D" failures="0" tests="2" name="testFrameworkss.testscript3" time="7.081" errors="0" timestamp="2024-09-23T12:44:59 IST" skipped="0">
  <testcase classname="testFrameworkss.testscript3" name="runScript" time="2.665"/>
  <system-out/>
  <testcase classname="testFrameworkss.testscript3" name="runscript1" time="4.416"/>
  <system-out/>
</testsuite> <!-- testFrameworkss.testscript3 -->
