<?xml version="1.0" encoding="UTF-8"?>
<!-- Generated by org.testng.reporters.JUnitReportReporter -->
<testsuite hostname="DESKTOP-IC2FL8D" failures="0" tests="1" name="testFrameworkss.testscript2" time="0.012" errors="0" timestamp="2024-09-20T14:25:19 IST" skipped="0">
  <testcase classname="testFrameworkss.testscript2" name="Demo3" time="0.012"/>
  <system-out>
    <![CDATA[Hello Banglore]]>
  </system-out>
</testsuite> <!-- testFrameworkss.testscript2 -->
